<?xml version="1.0" encoding="UTF-8"?>
<!-- Generated by org.testng.reporters.JUnitReportReporter -->
<testsuite hostname="DILRAJEN" failures="0" tests="1" name="test.FirstClass" time="0.016" errors="0" timestamp="2024-02-25T17:56:29 IST" skipped="0">
  <testcase classname="test.FirstClass" name="testRun" time="0.016"/>
</testsuite> <!-- test.FirstClass -->
