<?xml version="1.0" encoding="UTF-8"?>
<!-- Generated by org.testng.reporters.JUnitReportReporter -->
<testsuite hostname="DILRAJEN" failures="0" tests="5" name="test.day2" time="0.007" errors="0" timestamp="2024-02-24T21:42:55 IST" skipped="1">
  <testcase classname="test.day2" name="autoLoan" time="0.001"/>
  <testcase classname="test.day2" name="debitLoan" time="0.003"/>
  <testcase classname="test.day2" name="debitLoan" time="0.002"/>
  <testcase classname="test.day2" name="debitLoan" time="0.001"/>
  <testcase classname="test.day2" name="mobileLoan">
    <skipped/>
  </testcase> <!-- mobileLoan -->
</testsuite> <!-- test.day2 -->
